
[2026-06-05 21:34:16] === INICIO SYNC PUBLICACIONES ===
Procesos: 1 | Rango: 2026-05-29 → 2026-06-05
Despachos únicos: 1
[21:34:16] GET despacho=080011398200Z rango=2026-05-29/2026-06-05
[21:34:45]   Encontradas: 0 publicaciones (29388ms)
  Sin publicaciones: 080011398200Z
[21:34:45] FIN — insertadas: 0 | errores: 0

[2026-06-05 22:11:21] === INICIO SYNC PUBLICACIONES ===
Procesos: 1 | Rango: 2026-05-29 → 2026-06-05
Despachos únicos: 1
[22:11:21] GET despacho=080011398200Z rango=2026-05-29/2026-06-05
[22:11:40]   Encontradas: 0 publicaciones (18292ms)
  Sin publicaciones: 080011398200Z
[22:11:40] FIN — insertadas: 0 | errores: 0

[2026-06-05 22:13:38] === INICIO SYNC PUBLICACIONES ===
Procesos: 1 | Rango: 2026-05-29 → 2026-06-05
Despachos únicos: 1
[22:13:38] GET despacho=080011398200Z rango=2026-05-29/2026-06-05
[22:14:38]   ERROR: timeout o fallo en la llamada al servicio (60022ms)
  ERROR despacho 080011398200Z
[22:14:38] FIN — insertadas: 0 | errores: 1
