[01:52:16] list proceso_id=3 — filas BD: 6 — nulas_fecha: 0 — nulos_id: 0
[01:53:57] list proceso_id=3 — filas BD: 0 — nulas_fecha: 0 — nulos_id: 0
[01:54:18] === INICIO radicado=08638310500120250000600 ===
[01:54:18] GET https://consultaprocesos.ramajudicial.gov.co:448/api/v2/Procesos/Consulta/NumeroRadicacion?numero=08638310500120250000600&SoloActivos=false&pagina=1
[01:54:19]   OK 582ms — 821 bytes
[01:54:19]   Pag 1 — despachos en esta pagina: 1
[01:54:19]   totalPaginas=1 (registros=1, porPagina=20)
[01:54:19] Total despachos encontrados: 1
[01:54:19] -- Despacho 0: idProceso=3247239201 | JUZGADO 001 LABORAL  DE SABANALARGA
[01:54:19] GET https://consultaprocesos.ramajudicial.gov.co:448/api/v2/Proceso/Actuaciones/3247239201?pagina=1
[01:54:20]   OK 634ms — 2225 bytes
[01:54:20]   Pag 1 — actuaciones recibidas: 6
[01:54:20]   totalPaginas=1 (registros=6, porPagina=40)
[01:54:20]   Pag 1 completada. totalPaginas=1
[01:54:20]   Despacho 3247239201 — total actuaciones extraidas: 6
[01:54:20] === FIN — total resultado: 6 actuaciones ===
[01:54:20] SYNC FIN proceso_id=3 — API: insertadas:6 ya_existian:0
[01:55:16] list proceso_id=3 — filas BD: 6 — nulas_fecha: 0 — nulos_id: 0
[02:36:32] list proceso_id=14 — filas BD: 0 — nulas_fecha: 0 — nulos_id: 0
[02:41:48] list proceso_id=3 — filas BD: 6 — nulas_fecha: 0 — nulos_id: 0
[02:41:50] === INICIO radicado=08638310500120250000600 ===
[02:41:50] GET https://consultaprocesos.ramajudicial.gov.co:448/api/v2/Procesos/Consulta/NumeroRadicacion?numero=08638310500120250000600&SoloActivos=false&pagina=1
[02:41:51]   OK 526ms — 821 bytes
[02:41:51]   Pag 1 — despachos en esta pagina: 1
[02:41:51]   totalPaginas=1 (registros=1, porPagina=20)
[02:41:51] Total despachos encontrados: 1
[02:41:51] -- Despacho 0: idProceso=3247239201 | JUZGADO 001 LABORAL  DE SABANALARGA
[02:41:51] GET https://consultaprocesos.ramajudicial.gov.co:448/api/v2/Proceso/Actuaciones/3247239201?pagina=1
[02:41:51]   OK 393ms — 2225 bytes
[02:41:51]   Pag 1 — actuaciones recibidas: 6
[02:41:51]   totalPaginas=1 (registros=6, porPagina=40)
[02:41:51]   Pag 1 completada. totalPaginas=1
[02:41:51]   Despacho 3247239201 — total actuaciones extraidas: 6
[02:41:51] === FIN — total resultado: 6 actuaciones ===
[02:41:51] SYNC FIN proceso_id=3 — API: insertadas:0 ya_existian:6
[02:41:51] list proceso_id=3 — filas BD: 6 — nulas_fecha: 0 — nulos_id: 0
[02:43:40] list proceso_id=3 — filas BD: 6 — nulas_fecha: 0 — nulos_id: 0
[02:43:41] === INICIO radicado=08638310500120250000600 ===
[02:43:41] GET https://consultaprocesos.ramajudicial.gov.co:448/api/v2/Procesos/Consulta/NumeroRadicacion?numero=08638310500120250000600&SoloActivos=false&pagina=1
[02:43:41]   OK 407ms — 821 bytes
[02:43:41]   Pag 1 — despachos en esta pagina: 1
[02:43:41]   totalPaginas=1 (registros=1, porPagina=20)
[02:43:41] Total despachos encontrados: 1
[02:43:41] -- Despacho 0: idProceso=3247239201 | JUZGADO 001 LABORAL  DE SABANALARGA
[02:43:41] GET https://consultaprocesos.ramajudicial.gov.co:448/api/v2/Proceso/Actuaciones/3247239201?pagina=1
[02:43:42]   OK 398ms — 2225 bytes
[02:43:42]   Pag 1 — actuaciones recibidas: 6
[02:43:42]   totalPaginas=1 (registros=6, porPagina=40)
[02:43:42]   Pag 1 completada. totalPaginas=1
[02:43:42]   Despacho 3247239201 — total actuaciones extraidas: 6
[02:43:42] === FIN — total resultado: 6 actuaciones ===
[02:43:42] SYNC FIN proceso_id=3 — API:6 insertadas:0 ya_existian:6
[02:43:42] list proceso_id=3 — filas BD: 6 — nulas_fecha: 0 — nulos_id: 0
[02:45:45] list proceso_id=15 — filas BD: 4 — nulas_fecha: 0 — nulos_id: 0
[03:48:04] list proceso_id=15 — filas BD: 4 — nulas_fecha: 0 — nulos_id: 0
[03:54:29] list proceso_id=15 — filas BD: 4 — nulas_fecha: 0 — nulos_id: 0
[20:38:41] list proceso_id=15 — filas BD: 4 — nulas_fecha: 0 — nulos_id: 0
