[04:28:53] === SAMAI INICIO radicado=08001333300320230008000 ===
[04:28:53] === SAMAI buscarProceso: 08001333300320230008000 ===
[04:28:54]   Registros: 1
[04:28:54]   → Llamando servicio Playwright...
[04:29:10]   ✓ Servicio devolvió 4 actuaciones (16712ms)
[04:29:10] === SAMAI FIN — 4 actuaciones ===
[11:38:23] === SAMAI INICIO radicado=08001333300320230008000 ===
[11:38:23] === SAMAI buscarProceso: 08001333300320230008000 ===
[11:38:24]   Registros: 1
[11:38:24]   → Llamando servicio Playwright...
[11:38:37]   ✓ Servicio devolvió 4 actuaciones (13165ms)
[11:38:37] === SAMAI FIN — 4 actuaciones ===
[16:46:33] === SAMAI INICIO radicado=08001333300320230008000 ===
[16:46:33] === SAMAI buscarProceso: 08001333300320230008000 ===
[16:46:34]   Registros: 1
[16:46:34]   → Llamando servicio Playwright...
[16:46:52]   ✓ Servicio devolvió 4 actuaciones (17739ms)
[16:46:52] === SAMAI FIN — 4 actuaciones ===
[22:35:53] === SAMAI INICIO radicado=08001333300320230008000 ===
[22:35:53] === SAMAI buscarProceso: 08001333300320230008000 ===
[22:35:54]   Registros: 1
[22:35:54]   → Llamando servicio Playwright en http://127.0.0.1:3001...
[22:35:54]   Health OK (91ms) — iniciando consulta Playwright...
[22:36:09]   ✓ Servicio devolvió 4 actuaciones (15382ms)
[22:36:09] === SAMAI FIN — 4 actuaciones ===
